#-----------------------------------------------------------
# Vivado v2019.1 (64-bit)
# SW Build 2552052 on Fri May 24 14:49:42 MDT 2019
# IP Build 2548770 on Fri May 24 18:01:18 MDT 2019
# Start of session at: Tue Dec  8 17:10:56 2020
# Process ID: 10292
# Current directory: G:/SED/Cronometro
# Command line: vivado.exe -gui_launcher_event rodinguilauncherevent18652 G:\SED\Cronometro\Cronometro.xpr
# Log file: G:/SED/Cronometro/vivado.log
# Journal file: G:/SED/Cronometro\vivado.jou
#-----------------------------------------------------------
start_gui
open_project G:/SED/Cronometro/Cronometro.xpr
Scanning sources...
Finished scanning sources
INFO: [IP_Flow 19-234] Refreshing IP repositories
INFO: [IP_Flow 19-1704] No user IP repositories specified
INFO: [IP_Flow 19-2313] Loaded Vivado IP repository 'C:/Xilinx/Vivado/2019.1/data/ip'.
open_project: Time (s): cpu = 00:00:14 ; elapsed = 00:00:05 . Memory (MB): peak = 739.066 ; gain = 105.055
update_compile_order -fileset sources_1
exit
INFO: [Common 17-206] Exiting Vivado at Tue Dec  8 21:16:39 2020...
#------
