#-----------------------------------------------------------
# Vivado v2019.1 (64-bit)
# SW Build 2552052 on Fri May 24 14:49:42 MDT 2019
# IP Build 2548770 on Fri May 24 18:01:18 MDT 2019
# Start of session at: Fri Dec  4 20:08:56 2020
# Process ID: 13088
# Current directory: G:/SED/Cronometro
# Command line: vivado.exe -gui_launcher_event rodinguilauncherevent12564 G:\SED\Cronometro\Cronometro.xpr
# Log file: G:/SED/Cronometro/vivado.log
# Journal file: G:/SED/Cronometro\vivado.jou
#-----------------------------------------------------------
start_gui
open_project G:/SED/Cronometro/Cronometro.xpr
Scanning sources...
Finished scanning sources
INFO: [IP_Flow 19-234] Refreshing IP repositories
INFO: [IP_Flow 19-1704] No user IP repositories specified
INFO: [IP_Flow 19-2313] Loaded Vivado IP repository 'C:/Xilinx/Vivado/2019.1/data/ip'.
update_compile_order -fileset sources_1
launch_runs synth_1 -jobs 4
[Fri Dec  4 20:09:39 2020] Launched synth_1...
Run output will be captured here: G:/SED/Cronometro/Cronometro.runs/synth_1/runme.log
launch_runs impl_1 -jobs 4
[Fri Dec  4 20:10:29 2020] Launched impl_1...
Run output will be captured here: G:/SED/Cronometro/Cronometro.runs/impl_1/runme.log
exit
INFO: [Common 17-206] Exiting Vivado at Fri Dec  4 20:26:12 2020...
