#-----------------------------------------------------------
# Vivado v2020.2 (64-bit)
# SW Build 3064766 on Wed Nov 18 09:12:45 MST 2020
# IP Build 3064653 on Wed Nov 18 14:17:31 MST 2020
# Start of session at: Mon Jan  4 11:37:11 2021
# Process ID: 17288
# Current directory: D:/Archivos/Escritorio/GITHUB/Cronómetro/Cronometro
# Command line: vivado.exe -gui_launcher_event rodinguilauncherevent5112 D:\Archivos\Escritorio\GITHUB\Cronómetro\Cronometro\Cronometro.xpr
# Log file: D:/Archivos/Escritorio/GITHUB/Cronómetro/Cronometro/vivado.log
# Journal file: D:/Archivos/Escritorio/GITHUB/Cronómetro/Cronometro\vivado.jou
#-----------------------------------------------------------
start_gui
open_project D:/Archivos/Escritorio/GITHUB/Cronómetro/Cronometro/Cronometro.xpr
INFO: [Project 1-313] Project file moved from 'G:/SED/Cronometro' since last save.
Scanning sources...
Finished scanning sources
INFO: [Project 1-230] Project 'Cronometro.xpr' upgraded for this version of Vivado.
INFO: [IP_Flow 19-234] Refreshing IP repositories
INFO: [IP_Flow 19-1704] No user IP repositories specified
INFO: [IP_Flow 19-2313] Loaded Vivado IP repository 'D:/Xilinx/Vivado/2020.2/data/ip'.
update_compile_order -fileset sources_1
add_files -norecurse {{D:/Archivos/Escritorio/GITHUB/Trabajo Gus/Decodificador_Display/Decodificador_Display.srcs/sources_1/new/Decoder.vhd}}
update_compile_order -fileset sources_1
set_property SOURCE_SET sources_1 [get_filesets sim_1]
add_files -fileset sim_1 -norecurse {{D:/Archivos/Escritorio/GITHUB/Trabajo Gus/Decodificador_Display/Decodificador_Display.srcs/sim_1/new/Decoder_tb.vhd}}
update_compile_order -fileset sim_1
exit
INFO: [Common 17-206] Exiting Vivado at Mon Jan  4 11:44:18 2021...
