#-----------------------------------------------------------
# Vivado v2019.1 (64-bit)
# SW Build 2552052 on Fri May 24 14:49:42 MDT 2019
# IP Build 2548770 on Fri May 24 18:01:18 MDT 2019
# Start of session at: Wed Dec 23 11:58:37 2020
# Process ID: 15952
# Current directory: G:/SED/Cronometro
# Command line: vivado.exe -gui_launcher_event rodinguilauncherevent4552 G:\SED\Cronometro\Cronometro.xpr
# Log file: G:/SED/Cronometro/vivado.log
# Journal file: G:/SED/Cronometro\vivado.jou
#-----------------------------------------------------------
start_gui
open_project G:/SED/Cronometro/Cronometro.xpr
Scanning sources...
Finished scanning sources
INFO: [IP_Flow 19-234] Refreshing IP repositories
INFO: [IP_Flow 19-1704] No user IP repositories specified
INFO: [IP_Flow 19-2313] Loaded Vivado IP repository 'C:/Xilinx/Vivado/2019.1/data/ip'.
open_project: Time (s): cpu = 00:00:12 ; elapsed = 00:00:05 . Memory (MB): peak = 703.203 ; gain = 58.566
update_compile_order -fileset sources_1
exit
INFO: [Common 17-206] Exiting Vivado at Wed Dec 23 12:19:09 2020...
