#-----------------------------------------------------------
# Vivado v2019.1 (64-bit)
# SW Build 2552052 on Fri May 24 14:49:42 MDT 2019
# IP Build 2548770 on Fri May 24 18:01:18 MDT 2019
# Start of session at: Fri Dec  4 19:40:48 2020
# Process ID: 11684
# Current directory: G:/SED/Cronometro
# Command line: vivado.exe -gui_launcher_event rodinguilauncherevent6652 G:\SED\Cronometro\Cronometro.xpr
# Log file: G:/SED/Cronometro/vivado.log
# Journal file: G:/SED/Cronometro\vivado.jou
#-----------------------------------------------------------
start_gui
open_project G:/SED/Cronometro/Cronometro.xpr
Scanning sources...
Finished scanning sources
INFO: [IP_Flow 19-234] Refreshing IP repositories
INFO: [IP_Flow 19-1704] No user IP repositories specified
INFO: [IP_Flow 19-2313] Loaded Vivado IP repository 'C:/Xilinx/Vivado/2019.1/data/ip'.
file mkdir G:/SED/Cronometro/Cronometro.srcs/sources_1/new
close [ open G:/SED/Cronometro/Cronometro.srcs/sources_1/new/top.vhd w ]
add_files G:/SED/Cronometro/Cronometro.srcs/sources_1/new/top.vhd
update_compile_order -fileset sources_1
close [ open G:/SED/Cronometro/Cronometro.srcs/sources_1/new/counter.vhd w ]
add_files G:/SED/Cronometro/Cronometro.srcs/sources_1/new/counter.vhd
update_compile_order -fileset sources_1
close [ open G:/SED/Cronometro/Cronometro.srcs/sources_1/new/clk_divider.vhd w ]
add_files G:/SED/Cronometro/Cronometro.srcs/sources_1/new/clk_divider.vhd
update_compile_order -fileset sources_1
close [ open G:/SED/Cronometro/Cronometro.srcs/sources_1/new/boton_state.vhd w ]
add_files G:/SED/Cronometro/Cronometro.srcs/sources_1/new/boton_state.vhd
update_compile_order -fileset sources_1
close [ open G:/SED/Cronometro/Cronometro.srcs/sources_1/new/counter_n.vhd w ]
add_files G:/SED/Cronometro/Cronometro.srcs/sources_1/new/counter_n.vhd
update_compile_order -fileset sources_1
close [ open G:/SED/Cronometro/Cronometro.srcs/sources_1/new/multiplexor.vhd w ]
add_files G:/SED/Cronometro/Cronometro.srcs/sources_1/new/multiplexor.vhd
update_compile_order -fileset sources_1
close [ open G:/SED/Cronometro/Cronometro.srcs/sources_1/new/decoder.vhd w ]
add_files G:/SED/Cronometro/Cronometro.srcs/sources_1/new/decoder.vhd
update_compile_order -fileset sources_1
close [ open G:/SED/Cronometro/Cronometro.srcs/sources_1/new/display_refresh.vhd w ]
add_files G:/SED/Cronometro/Cronometro.srcs/sources_1/new/display_refresh.vhd
update_compile_order -fileset sources_1
file mkdir G:/SED/Cronometro/Cronometro.srcs/sim_1/new
set_property SOURCE_SET sources_1 [get_filesets sim_1]
close [ open G:/SED/Cronometro/Cronometro.srcs/sim_1/new/boton_state_tb.vhd w ]
add_files -fileset sim_1 G:/SED/Cronometro/Cronometro.srcs/sim_1/new/boton_state_tb.vhd
close [ open G:/SED/Cronometro/Cronometro.srcs/sim_1/new/clk_divider_tb.vhd w ]
add_files -fileset sim_1 G:/SED/Cronometro/Cronometro.srcs/sim_1/new/clk_divider_tb.vhd
close [ open G:/SED/Cronometro/Cronometro.srcs/sim_1/new/counter_tb.vhd w ]
add_files -fileset sim_1 G:/SED/Cronometro/Cronometro.srcs/sim_1/new/counter_tb.vhd
close [ open G:/SED/Cronometro/Cronometro.srcs/sim_1/new/counter_n_tb.vhd w ]
add_files -fileset sim_1 G:/SED/Cronometro/Cronometro.srcs/sim_1/new/counter_n_tb.vhd
close [ open G:/SED/Cronometro/Cronometro.srcs/sim_1/new/decoder_tb.vhd w ]
add_files -fileset sim_1 G:/SED/Cronometro/Cronometro.srcs/sim_1/new/decoder_tb.vhd
update_compile_order -fileset sim_1
exit
INFO: [Common 17-206] Exiting Vivado at Fri Dec  4 20:02:58 2020...
