#-----------------------------------------------------------
# Vivado v2020.2 (64-bit)
# SW Build 3064766 on Wed Nov 18 09:12:45 MST 2020
# IP Build 3064653 on Wed Nov 18 14:17:31 MST 2020
# Start of session at: Tue Mar 16 21:07:02 2021
# Process ID: 8136
# Current directory: D:/Archivos/Escritorio/VHDL/Crono_2 Punto Experimental
# Command line: vivado.exe -gui_launcher_event rodinguilauncherevent4536 D:\Archivos\Escritorio\VHDL\Crono_2 Punto Experimental\Crono_2.xpr
# Log file: D:/Archivos/Escritorio/VHDL/Crono_2 Punto Experimental/vivado.log
# Journal file: D:/Archivos/Escritorio/VHDL/Crono_2 Punto Experimental\vivado.jou
#-----------------------------------------------------------
start_gui
open_project {D:/Archivos/Escritorio/VHDL/Crono_2 Punto Experimental/Crono_2.xpr}
INFO: [Project 1-313] Project file moved from 'D:/Archivos/Escritorio/VHDL/Crono_2' since last save.
Scanning sources...
Finished scanning sources
INFO: [IP_Flow 19-234] Refreshing IP repositories
INFO: [IP_Flow 19-1704] No user IP repositories specified
INFO: [IP_Flow 19-2313] Loaded Vivado IP repository 'D:/Xilinx/Vivado/2020.2/data/ip'.
update_compile_order -fileset sources_1
exit
INFO: [Common 17-206] Exiting Vivado at Tue Mar 16 21:13:56 2021...
