#-----------------------------------------------------------
# Vivado v2020.2 (64-bit)
# SW Build 3064766 on Wed Nov 18 09:12:45 MST 2020
# IP Build 3064653 on Wed Nov 18 14:17:31 MST 2020
# Start of session at: Tue Jun 29 09:14:16 2021
# Process ID: 1652
# Current directory: D:/Archivos/Escritorio/COSAS/UNI/5º/SED/VHDL/Crono_2 Punto Experimental
# Command line: vivado.exe -gui_launcher_event rodinguilauncherevent7068 D:\Archivos\Escritorio\COSAS\UNI\5º\SED\VHDL\Crono_2 Punto Experimental\Crono_2.xpr
# Log file: D:/Archivos/Escritorio/COSAS/UNI/5º/SED/VHDL/Crono_2 Punto Experimental/vivado.log
# Journal file: D:/Archivos/Escritorio/COSAS/UNI/5º/SED/VHDL/Crono_2 Punto Experimental\vivado.jou
#-----------------------------------------------------------
start_gui
open_project {D:/Archivos/Escritorio/COSAS/UNI/5º/SED/VHDL/Crono_2 Punto Experimental/Crono_2.xpr}
INFO: [Project 1-313] Project file moved from 'D:/Archivos/Escritorio/VHDL/Crono_2' since last save.
Scanning sources...
Finished scanning sources
INFO: [IP_Flow 19-234] Refreshing IP repositories
INFO: [IP_Flow 19-1704] No user IP repositories specified
INFO: [IP_Flow 19-2313] Loaded Vivado IP repository 'D:/Xilinx/Vivado/2020.2/data/ip'.
update_compile_order -fileset sources_1
reset_run synth_1
launch_runs impl_1 -to_step write_bitstream -jobs 6
[Tue Jun 29 09:18:59 2021] Launched synth_1...
Run output will be captured here: D:/Archivos/Escritorio/COSAS/UNI/5º/SED/VHDL/Crono_2 Punto Experimental/Crono_2.runs/synth_1/runme.log
[Tue Jun 29 09:18:59 2021] Launched impl_1...
Run output will be captured here: D:/Archivos/Escritorio/COSAS/UNI/5º/SED/VHDL/Crono_2 Punto Experimental/Crono_2.runs/impl_1/runme.log
reset_run synth_1
launch_runs synth_1 -jobs 6
[Tue Jun 29 09:29:53 2021] Launched synth_1...
Run output will be captured here: D:/Archivos/Escritorio/COSAS/UNI/5º/SED/VHDL/Crono_2 Punto Experimental/Crono_2.runs/synth_1/runme.log
reset_run synth_1
exit
INFO: [Common 17-206] Exiting Vivado at Tue Jun 29 09:31:43 2021...
